191,3  0,7 node
191,3  0,7 node
119,9  0,7 node
 76,6  0,7 node
 49,1  0,7 node
 49,1  0,7 node
 32,0  0,7 node
 20,7  0,7 node
 16,3  0,0 (ps)
 22,9  0,0 (ps)
  9,5  0,1 /usr/libexec/trustd
 10,5  0,1 /usr/libexec/trustd
  9,3  0,0 (ps)
 16,2  0,0 (ps)
 22,8  0,0 (ps)
  9,2  0,1 /usr/libexec/trustd
 10,5  0,1 /usr/libexec/trustd
 11,4  0,1 /usr/libexec/trustd
 15,5  0,0 (ps)
 22,4  0,0 (ps)
  9,8  0,1 /usr/libexec/trustd
 11,0  0,1 /usr/libexec/trustd
  9,4  0,1 /usr/libexec/trustd
 15,6  0,0 (ps)
 22,4  0,0 (ps)
  9,1  0,1 /usr/libexec/trustd
  9,9  0,1 /usr/libexec/trustd
  9,2  0,0 (ps)
 16,2  0,0 (ps)
 22,5  0,0 (ps)
 29,0  0,0 (ps)
 11,1  0,1 /usr/libexec/trustd
  9,9  0,1 /usr/libexec/trustd
 15,7  0,0 (ps)
 22,2  0,0 (ps)
 28,7  0,0 (ps)
 10,2  0,1 /usr/libexec/trustd
  9,0  0,1 /usr/libexec/trustd
 15,2  0,0 (ps)
 22,2  0,0 (ps)
 28,9  0,0 (ps)
 13,7  0,4 opswat-gears-od
  8,8  0,1 /usr/libexec/trustd
 15,6  0,0 (ps)
 22,3  0,0 (ps)
 28,6  0,0 (ps)
 10,1  0,1 /usr/libexec/trustd
  9,2  0,1 /usr/libexec/trustd
 15,6  0,0 (ps)
 17,1  0,0 (ps)
 29,0  0,0 (ps)
 10,0  0,1 /usr/libexec/trustd
  9,0  0,1 /usr/libexec/trustd
 15,3  0,0 (ps)
 22,2  0,0 (ps)
 25,2  0,0 (ps)
  9,9  0,1 /usr/libexec/trustd
  8,9  0,1 /usr/libexec/trustd
 15,0  0,0 (ps)
 21,5  0,0 (ps)
 28,3  0,0 (ps)
 10,6  0,1 /usr/libexec/trustd
  9,2  0,1 /usr/libexec/trustd
 15,0  0,0 (ps)
 21,6  0,0 (ps)
 28,5  0,0 (ps)
 11,9  0,2 npm run start
 10,2  0,1 /usr/libexec/trustd
 21,0  0,0 /System/Library/Frameworks/CoreServices.framework/Frameworks/Metadata.framework/Versions/A/Support/mdworker_shared
 21,6  0,0 (ps)
 28,5  0,0 (ps)
 10,8  0,1 /usr/libexec/trustd
 10,7  0,1 npm run start
 15,2  0,0 (ps)
 21,8  0,0 (ps)
 28,5  0,0 (ps)
 10,5  0,1 /usr/libexec/trustd
  9,2  0,1 /usr/libexec/trustd
 14,8  0,0 (ps)
 21,4  0,0 (ps)
 40,2  0,7 node
 40,2  0,6 node
 57,0  0,6 node
 36,0  0,6 node
 23,5  0,6 node
 28,1  0,0 (ps)
 15,2  0,6 node
 27,5  0,6 node
 70,9  0,6 node
 44,9  0,6 node
 29,4  0,6 node
 29,4  0,6 node
 18,9  0,6 node
 14,1  0,0 (ps)
 20,6  0,0 (ps)
 26,9  0,0 (ps)
 10,7  0,1 /usr/libexec/trustd
  9,3  0,1 /usr/libexec/trustd
 14,0  0,0 (ps)
 20,6  0,0 (ps)
 27,1  0,0 (ps)
 10,2  0,1 /usr/libexec/trustd
 20,9  0,0 /usr/libexec/sandboxd
 36,5  0,0 /usr/libexec/sandboxd
 32,7  0,0 /usr/libexec/sandboxd
 26,7  0,0 (ps)
 20,4  0,0 /usr/libexec/sandboxd
 12,7  0,0 /usr/libexec/sandboxd
 13,3  0,0 (ps)
 20,2  0,0 (ps)
 26,8  0,0 (ps)
 10,0  0,1 /usr/libexec/trustd
 23,0  0,1 /System/Library/PrivateFrameworks/CoreSpeech.framework/corespeechd
 40,3  0,1 /System/Library/PrivateFrameworks/CoreSpeech.framework/corespeechd
 40,3  0,1 /System/Library/PrivateFrameworks/CoreSpeech.framework/corespeechd
 40,1  0,1 /System/Library/PrivateFrameworks/CoreSpeech.framework/corespeechd
 24,7  0,1 /System/Library/PrivateFrameworks/CoreSpeech.framework/corespeechd
 15,3  0,1 /System/Library/PrivateFrameworks/CoreSpeech.framework/corespeechd
 20,7  0,0 /usr/sbin/system_profiler
 29,1  0,0 /usr/sbin/system_profiler
 42,8  0,0 /usr/libexec/mdmclient
 42,8  0,0 /usr/libexec/mdmclient
 33,5  0,0 /usr/libexec/mdmclient
 26,4  0,1 /usr/libexec/trustd
 26,6  0,1 /usr/libexec/trustd
 31,6  0,1 /usr/libexec/trustd
 33,7  0,1 /usr/libexec/trustd
 33,7  0,1 /usr/libexec/trustd
 23,5  0,1 /usr/libexec/trustd
 18,7  0,0 (ps)
 42,6  0,0 (system_profiler)
 42,6  0,0 (system_profiler)
 13,6  0,1 /usr/libexec/trustd
 12,2  0,0 (ps)
 19,5  0,0 (ps)
 25,6  0,0 (ps)
 10,3  0,1 /usr/libexec/trustd
 10,1  0,1 /usr/libexec/trustd
 11,9  0,0 (ps)
 18,9  0,0 (ps)
 25,7  0,0 (ps)
  9,8  0,1 /usr/libexec/trustd
  9,8  0,1 /usr/libexec/trustd
 13,3  0,4 opswat-gears-od
 18,7  0,0 (ps)
 25,5  0,0 (ps)
  9,8  0,1 /usr/libexec/trustd
 10,8  0,1 /usr/libexec/trustd
 12,0  0,0 (ps)
 18,7  0,0 (ps)
 25,2  0,0 (ps)
  9,6  0,1 /usr/libexec/trustd
 10,3  0,1 /usr/libexec/trustd
 11,5  0,0 (ps)
 18,3  0,0 (ps)
 24,7  0,0 (ps)
  9,3  0,1 /usr/libexec/trustd
 10,2  0,1 /usr/libexec/trustd
 11,2  0,0 (ps)
 18,2  0,0 (ps)
 24,9  0,0 (ps)
  9,6  0,1 /usr/libexec/trustd
 10,0  0,1 /usr/libexec/trustd
 11,5  0,0 (ps)
 18,3  0,0 (ps)
 25,0  0,0 (ps)
  9,6  0,1 /usr/libexec/trustd
  9,7  0,1 /usr/libexec/trustd
 11,7  0,0 (ps)
 18,3  0,0 (ps)
 25,2  0,0 (ps)
  9,9  0,1 /usr/libexec/trustd
  9,8  0,1 /usr/libexec/trustd
 11,6  0,0 (ps)
 18,2  0,0 (ps)
 24,8  0,0 (ps)
 10,0  0,1 /usr/libexec/trustd
 10,0  0,1 /usr/libexec/trustd
 11,4  0,0 (ps)
 17,6  0,0 (ps)
 24,4  0,0 (ps)
  9,6  0,1 /usr/libexec/trustd
  9,4  0,1 /usr/libexec/trustd
 11,2  0,0 (ps)
 17,8  0,0 (ps)
 24,3  0,0 (ps)
  8,8  0,1 /usr/libexec/trustd
  9,4  0,1 /usr/libexec/trustd
 10,2  0,0 (ps)
 16,4  0,0 (ps)
 23,5  0,0 (ps)
  9,0  0,1 /usr/libexec/trustd
 10,1  0,1 /usr/libexec/trustd
 10,3  0,0 (ps)
 17,0  0,0 (ps)
 23,5  0,0 (ps)
  8,9  0,1 /usr/libexec/trustd
 10,2  0,1 /usr/libexec/trustd
  9,4  0,0 (ps)
 16,5  0,0 (ps)
 23,0  0,0 (ps)
 11,2  0,1 /System/Library/Frameworks/CoreServices.framework/Frameworks/Metadata.framework/Versions/A/Support/mdworker_shared
 10,1  0,1 /usr/libexec/trustd
  9,7  0,0 (ps)
 16,6  0,0 (ps)
 23,0  0,0 (ps)
  9,0  0,1 /usr/libexec/trustd
 10,0  0,1 /usr/libexec/trustd
  9,3  0,1 /usr/libexec/trustd
 18,1  0,1 /sbin/launchd
 34,9  0,1 /sbin/launchd
 28,6  0,0 (ps)
 21,8  0,1 /sbin/launchd
 13,9  0,1 /sbin/launchd
 15,4  0,0 (ps)
 21,7  0,0 (ps)
 28,7  0,0 (ps)
 10,2  0,1 /usr/libexec/trustd
  9,1  0,1 /usr/libexec/trustd
 15,3  0,0 (ps)
 21,6  0,0 (ps)
 28,4  0,0 (ps)
 20,5  0,0 /System/Library/Frameworks/CoreServices.framework/Frameworks/Metadata.framework/Versions/A/Support/mdworker_shared
 12,6  0,0 /System/Library/Frameworks/CoreServices.framework/Frameworks/Metadata.framework/Versions/A/Support/mdworker_shared
 14,4  0,0 (ps)
 21,4  0,0 (ps)
 28,1  0,0 (ps)
 10,1  0,1 /usr/libexec/trustd
  9,2  0,1 /usr/libexec/trustd
 14,6  0,0 (ps)
 21,7  0,0 (ps)
 28,2  0,0 (ps)
 10,1  0,1 /usr/libexec/trustd
  9,2  0,1 /usr/libexec/trustd
 14,9  0,0 (ps)
 21,4  0,0 (ps)
 28,1  0,0 (ps)
 10,5  0,1 /usr/libexec/trustd
 14,5  0,1 /usr/libexec/trustd
 13,7  0,0 (ps)
 21,1  0,0 (ps)
 27,4  0,0 (ps)
 11,8  0,1 /usr/libexec/trustd
 10,1  0,1 /usr/libexec/trustd
 14,1  0,0 (ps)
 20,8  0,0 (ps)
 27,5  0,0 (ps)
 10,4  0,1 /usr/libexec/trustd
  9,2  0,1 /usr/libexec/trustd
 13,8  0,0 (ps)
 20,8  0,0 (ps)
 27,6  0,0 (ps)
 10,9  0,1 /usr/libexec/trustd
  9,4  0,1 /usr/libexec/trustd
 14,2  0,0 (ps)
 11,5  0,0 (ps)
 40,6  0,0 (ps)
 10,4  0,1 /usr/libexec/trustd
  9,6  0,1 /usr/libexec/trustd
 14,2  0,0 (ps)
 20,5  0,0 (ps)
 27,2  0,0 (ps)
 10,3  0,1 /usr/libexec/trustd
  9,5  0,1 /usr/libexec/trustd
 13,7  0,0 (ps)
 20,4  0,0 (ps)
 35,6  0,5 /System/Applications/Utilities/Terminal.app/Contents/MacOS/Terminal
 28,1  0,5 /System/Applications/Utilities/Terminal.app/Contents/MacOS/Terminal
 19,0  0,5 /System/Applications/Utilities/Terminal.app/Contents/MacOS/Terminal
 15,8  0,2 /Applications/Visual Studio Code.app/Contents/Frameworks/Code Helper (Plugin).app/Contents/MacOS/Code Helper (Plugin)
 20,5  0,0 (ps)
 27,4  0,0 (ps)
 10,5  0,1 /usr/libexec/trustd
  9,2  0,1 /usr/libexec/trustd
 13,8  0,0 (ps)
 20,6  0,0 (ps)
 27,1  0,0 (ps)
  9,9  0,1 /usr/libexec/trustd
  9,4  0,1 /usr/libexec/trustd
 13,8  0,0 (ps)
 20,4  0,0 (ps)
 27,1  0,0 (ps)
 10,5  0,1 /usr/libexec/trustd
  9,3  0,1 /usr/libexec/trustd
 13,5  0,0 (ps)
 20,3  0,0 (ps)
 26,7  0,0 (ps)
 10,6  0,1 /usr/libexec/trustd
  9,6  0,1 /usr/libexec/trustd
 13,3  0,0 (ps)
 20,1  0,0 (ps)
 26,8  0,0 (ps)
 10,6  0,1 /usr/libexec/trustd
  9,7  0,1 /usr/libexec/trustd
 13,0  0,0 (ps)
 20,0  0,0 (ps)
 26,5  0,0 (ps)
 10,5  0,1 /usr/libexec/trustd
 10,2  0,1 /usr/libexec/trustd
 42,4  0,5 /Applications/Visual Studio Code.app/Contents/Frameworks/Code Helper (Plugin).app/Contents/MacOS/Code Helper (Plugin)
 76,5  0,3 /Applications/Visual Studio Code.app/Contents/Frameworks/Code Helper (Plugin).app/Contents/MacOS/Code Helper (Plugin)
 85,2  0,3 /Applications/Visual Studio Code.app/Contents/Frameworks/Code Helper (Plugin).app/Contents/MacOS/Code Helper (Plugin)
 85,2  0,3 /Applications/Visual Studio Code.app/Contents/Frameworks/Code Helper (Plugin).app/Contents/MacOS/Code Helper (Plugin)
 53,2  0,3 /Applications/Visual Studio Code.app/Contents/Frameworks/Code Helper (Plugin).app/Contents/MacOS/Code Helper (Plugin)
 33,1  0,3 /Applications/Visual Studio Code.app/Contents/Frameworks/Code Helper (Plugin).app/Contents/MacOS/Code Helper (Plugin)
 20,7  0,3 /Applications/Visual Studio Code.app/Contents/Frameworks/Code Helper (Plugin).app/Contents/MacOS/Code Helper (Plugin)
 26,1  0,0 (ps)
 12,7  0,3 /Applications/Visual Studio Code.app/Contents/Frameworks/Code Helper (Plugin).app/Contents/MacOS/Code Helper (Plugin)
  9,6  0,1 /usr/libexec/trustd
 12,5  0,0 (ps)
 19,2  0,0 (ps)
 25,9  0,0 (ps)
  9,7  0,1 /usr/libexec/trustd
  9,6  0,1 /usr/libexec/trustd
 12,5  0,0 (ps)
 19,2  0,0 (ps)
 25,8  0,0 (ps)
 10,7  0,1 /usr/libexec/trustd
 10,7  0,1 /usr/libexec/trustd
 67,3  0,3 /Applications/Visual Studio Code.app/Contents/Frameworks/Code Helper (Plugin).app/Contents/MacOS/Code Helper (Plugin)
 60,2  0,3 /Applications/Visual Studio Code.app/Contents/Frameworks/Code Helper (Plugin).app/Contents/MacOS/Code Helper (Plugin)
 37,5  0,3 /Applications/Visual Studio Code.app/Contents/Frameworks/Code Helper (Plugin).app/Contents/MacOS/Code Helper (Plugin)
 37,5  0,3 /Applications/Visual Studio Code.app/Contents/Frameworks/Code Helper (Plugin).app/Contents/MacOS/Code Helper (Plugin)
 23,3  0,3 /Applications/Visual Studio Code.app/Contents/Frameworks/Code Helper (Plugin).app/Contents/MacOS/Code Helper (Plugin)
 14,6  0,3 /Applications/Visual Studio Code.app/Contents/Frameworks/Code Helper (Plugin).app/Contents/MacOS/Code Helper (Plugin)
 19,1  0,0 (ps)
 25,5  0,0 (ps)
  9,9  0,1 /usr/libexec/trustd
  9,8  0,1 /usr/libexec/trustd
 11,7  0,0 (ps)
 18,9  0,0 (ps)
 25,6  0,0 (ps)
  9,9  0,1 /usr/libexec/trustd
  9,6  0,1 /usr/libexec/trustd
 12,3  0,0 (ps)
 19,0  0,0 (ps)
 25,8  0,0 (ps)
  9,4  0,1 /usr/libexec/trustd
  9,6  0,1 /usr/libexec/trustd
 12,0  0,0 (ps)
 19,0  0,0 (ps)
 25,9  0,0 (ps)
  9,5  0,1 /usr/libexec/trustd
  9,5  0,1 /usr/libexec/trustd
 12,0  0,0 (ps)
 18,5  0,0 (ps)
 25,4  0,0 (ps)
 10,4  0,4 opswat-gears-od
  8,5  0,1 /usr/libexec/trustd
 97,2  1,9 /Applications/Visual Studio Code.app/Contents/Frameworks/Code Helper (Renderer).app/Contents/MacOS/Code Helper (Renderer)
 97,2  1,9 /Applications/Visual Studio Code.app/Contents/Frameworks/Code Helper (Renderer).app/Contents/MacOS/Code Helper (Renderer)
 79,7  1,9 /Applications/Visual Studio Code.app/Contents/Frameworks/Code Helper (Renderer).app/Contents/MacOS/Code Helper (Renderer)
 76,2  0,3 /Applications/Visual Studio Code.app/Contents/Frameworks/Code Helper (Plugin).app/Contents/MacOS/Code Helper (Plugin)
 76,2  0,3 /Applications/Visual Studio Code.app/Contents/Frameworks/Code Helper (Plugin).app/Contents/MacOS/Code Helper (Plugin)
 47,5  0,3 /Applications/Visual Studio Code.app/Contents/Frameworks/Code Helper (Plugin).app/Contents/MacOS/Code Helper (Plugin)
 29,6  0,3 /Applications/Visual Studio Code.app/Contents/Frameworks/Code Helper (Plugin).app/Contents/MacOS/Code Helper (Plugin)
 23,8  0,0 (ps)
 28,7  0,0 (ps)
 28,7  0,0 (ps)
 70,9  0,3 /Applications/Visual Studio Code.app/Contents/Frameworks/Code Helper (Plugin).app/Contents/MacOS/Code Helper (Plugin)
 78,9  0,3 /Applications/Visual Studio Code.app/Contents/Frameworks/Code Helper (Plugin).app/Contents/MacOS/Code Helper (Plugin)
 54,5  0,0 /Library/Application Support/Google/GoogleUpdater/Current/GoogleUpdater.app/Contents/Helpers/launcher
 54,5  0,0 (launcher)
 71,0  0,0 (launcher)
 23,0  0,1 /usr/libexec/trustd
 18,2  0,1 /usr/libexec/trustd
 21,8  0,0 (ps)
 45,7  0,0 (ps)
 37,6  0,0 /usr/libexec/mdmclient
 23,8  0,0 /usr/libexec/mdmclient
 14,7  0,0 /usr/libexec/mdmclient
 22,3  0,0 (ps)
 29,1  0,0 (ps)
 27,0  0,7 /System/Library/PrivateFrameworks/SkyLight.framework/Resources/WindowServer
 27,0  0,7 /System/Library/PrivateFrameworks/SkyLight.framework/Resources/WindowServer
 32,5  0,7 /System/Library/PrivateFrameworks/SkyLight.framework/Resources/WindowServer
 40,3  0,0 (ps)
 29,9  0,7 /System/Library/PrivateFrameworks/SkyLight.framework/Resources/WindowServer
 29,9  0,7 /System/Library/PrivateFrameworks/SkyLight.framework/Resources/WindowServer
 39,0  0,7 /System/Library/PrivateFrameworks/SkyLight.framework/Resources/WindowServer
 46,5  0,7 /System/Library/PrivateFrameworks/SkyLight.framework/Resources/WindowServer
 39,0  0,7 /System/Library/PrivateFrameworks/SkyLight.framework/Resources/WindowServer
 39,0  0,7 /System/Library/PrivateFrameworks/SkyLight.framework/Resources/WindowServer
 41,0  0,3 /Applications/Microsoft Teams (work or school).app/Contents/Helpers/Microsoft Teams WebView.app/Contents/Frameworks/Microsoft Edge Framework.framework/Versions/119.0.2151.106/Helpers/Microsoft Teams WebView Helper (GPU).app/Contents/MacOS/Microsoft Teams WebView Helper (GPU)
 39,8  0,7 /System/Library/PrivateFrameworks/SkyLight.framework/Resources/WindowServer
 35,2  0,3 /Applications/Microsoft Teams (work or school).app/Contents/Helpers/Microsoft Teams WebView.app/Contents/Frameworks/Microsoft Edge Framework.framework/Versions/119.0.2151.106/Helpers/Microsoft Teams WebView Helper (GPU).app/Contents/MacOS/Microsoft Teams WebView Helper (GPU)
 37,5  0,7 /System/Library/PrivateFrameworks/SkyLight.framework/Resources/WindowServer
 35,3  0,7 /System/Library/PrivateFrameworks/SkyLight.framework/Resources/WindowServer
 31,3  2,6 /Applications/Microsoft Teams (work or school).app/Contents/Helpers/Microsoft Teams WebView.app/Contents/Frameworks/Microsoft Edge Framework.framework/Versions/119.0.2151.106/Helpers/Microsoft Teams WebView Helper (Renderer).app/Contents/MacOS/Microsoft Teams WebView Helper (Renderer)
 56,0  2,6 /Applications/Microsoft Teams (work or school).app/Contents/Helpers/Microsoft Teams WebView.app/Contents/Frameworks/Microsoft Edge Framework.framework/Versions/119.0.2151.106/Helpers/Microsoft Teams WebView Helper (Renderer).app/Contents/MacOS/Microsoft Teams WebView Helper (Renderer)
 56,0  2,6 /Applications/Microsoft Teams (work or school).app/Contents/Helpers/Microsoft Teams WebView.app/Contents/Frameworks/Microsoft Edge Framework.framework/Versions/119.0.2151.106/Helpers/Microsoft Teams WebView Helper (Renderer).app/Contents/MacOS/Microsoft Teams WebView Helper (Renderer)
 44,6  2,6 /Applications/Microsoft Teams (work or school).app/Contents/Helpers/Microsoft Teams WebView.app/Contents/Frameworks/Microsoft Edge Framework.framework/Versions/119.0.2151.106/Helpers/Microsoft Teams WebView Helper (Renderer).app/Contents/MacOS/Microsoft Teams WebView Helper (Renderer)
135,3  0,1 /usr/libexec/PerfPowerServices
135,3  0,1 /usr/libexec/PerfPowerServices
131,1  0,1 /usr/libexec/PerfPowerServices
131,1  0,1 /usr/libexec/PerfPowerServices
 85,8  0,1 /usr/libexec/PerfPowerServices
 85,8  0,1 /usr/libexec/PerfPowerServices
 60,7  0,1 /usr/libexec/PerfPowerServices
 60,7  0,1 /usr/libexec/PerfPowerServices
 53,8  1,0 /System/Applications/Mail.app/Contents/MacOS/Mail
 53,8  1,0 /System/Applications/Mail.app/Contents/MacOS/Mail
 50,9  0,1 /usr/libexec/PerfPowerServices
 50,9  0,1 /usr/libexec/PerfPowerServices
 51,3  0,1 /usr/libexec/PerfPowerServices
 54,3  0,1 /usr/libexec/PerfPowerServices
 54,9  0,1 /usr/libexec/PerfPowerServices
 55,2  0,1 /usr/libexec/PerfPowerServices
 42,7  0,7 /System/Library/PrivateFrameworks/SkyLight.framework/Resources/WindowServer
 38,1  0,7 /System/Library/PrivateFrameworks/SkyLight.framework/Resources/WindowServer
 36,3  0,7 /System/Library/PrivateFrameworks/SkyLight.framework/Resources/WindowServer
 36,7  0,0 (ps)
 41,1  0,0 (ps)
 38,5  0,1 /System/Library/PrivateFrameworks/CoreSpeech.framework/corespeechd
 51,8  0,1 /System/Library/PrivateFrameworks/CoreSpeech.framework/corespeechd
 51,8  0,1 /System/Library/PrivateFrameworks/CoreSpeech.framework/corespeechd
 32,2  0,1 /System/Library/PrivateFrameworks/CoreSpeech.framework/corespeechd
 25,8  0,0 (ps)
 19,6  0,7 /System/Library/PrivateFrameworks/SkyLight.framework/Resources/WindowServer
 19,0  0,7 /System/Library/PrivateFrameworks/SkyLight.framework/Resources/WindowServer
 18,4  0,6 /Applications/Visual Studio Code.app/Contents/MacOS/Electron
 19,3  0,0 (ps)
 25,1  1,9 /Applications/Visual Studio Code.app/Contents/Frameworks/Code Helper (Renderer).app/Contents/MacOS/Code Helper (Renderer)
 25,1  1,9 /Applications/Visual Studio Code.app/Contents/Frameworks/Code Helper (Renderer).app/Contents/MacOS/Code Helper (Renderer)
 17,7  1,9 /Applications/Visual Studio Code.app/Contents/Frameworks/Code Helper (Renderer).app/Contents/MacOS/Code Helper (Renderer)
 12,6  1,9 /Applications/Visual Studio Code.app/Contents/Frameworks/Code Helper (Renderer).app/Contents/MacOS/Code Helper (Renderer)
 19,0  0,0 (ps)
 25,9  0,0 (ps)
 13,9  0,6 /Applications/Visual Studio Code.app/Contents/MacOS/Electron
 13,7  0,6 /Applications/Visual Studio Code.app/Contents/MacOS/Electron
 12,1  0,0 (ps)
 80,4  1,9 /Applications/Visual Studio Code.app/Contents/Frameworks/Code Helper (Renderer).app/Contents/MacOS/Code Helper (Renderer)
 16,5  0,7 /System/Library/PrivateFrameworks/SkyLight.framework/Resources/WindowServer
111,5  1,9 /Applications/Visual Studio Code.app/Contents/Frameworks/Code Helper (Renderer).app/Contents/MacOS/Code Helper (Renderer)
111,5  1,9 /Applications/Visual Studio Code.app/Contents/Frameworks/Code Helper (Renderer).app/Contents/MacOS/Code Helper (Renderer)
111,4  1,9 /Applications/Visual Studio Code.app/Contents/Frameworks/Code Helper (Renderer).app/Contents/MacOS/Code Helper (Renderer)
 80,4  1,9 /Applications/Visual Studio Code.app/Contents/Frameworks/Code Helper (Renderer).app/Contents/MacOS/Code Helper (Renderer)
 53,4  1,9 /Applications/Visual Studio Code.app/Contents/Frameworks/Code Helper (Renderer).app/Contents/MacOS/Code Helper (Renderer)
 53,4  1,9 /Applications/Visual Studio Code.app/Contents/Frameworks/Code Helper (Renderer).app/Contents/MacOS/Code Helper (Renderer)
 35,2  1,9 /Applications/Visual Studio Code.app/Contents/Frameworks/Code Helper (Renderer).app/Contents/MacOS/Code Helper (Renderer)
 23,7  1,9 /Applications/Visual Studio Code.app/Contents/Frameworks/Code Helper (Renderer).app/Contents/MacOS/Code Helper (Renderer)
 26,9  1,9 /Applications/Visual Studio Code.app/Contents/Frameworks/Code Helper (Renderer).app/Contents/MacOS/Code Helper (Renderer)
 25,2  0,0 (ps)
 19,7  1,9 /Applications/Visual Studio Code.app/Contents/Frameworks/Code Helper (Renderer).app/Contents/MacOS/Code Helper (Renderer)
 12,1  1,9 /Applications/Visual Studio Code.app/Contents/Frameworks/Code Helper (Renderer).app/Contents/MacOS/Code Helper (Renderer)
 11,4  0,0 (ps)
 18,5  0,0 (ps)
 25,2  0,0 (ps)
  9,8  0,1 /usr/libexec/trustd
 14,2  0,4 opswat-gears-od
 11,4  0,0 (ps)
 18,0  0,0 (ps)
 24,3  0,0 (ps)
  9,2  0,1 /usr/libexec/trustd
  9,8  0,1 /usr/libexec/trustd
 15,0  0,1 /System/Library/PrivateFrameworks/CalendarDaemon.framework/Support/calaccessd
 16,6  0,0 (ps)
 23,8  0,0 (ps)
 26,9  0,7 /System/Library/PrivateFrameworks/SkyLight.framework/Resources/WindowServer
 31,4  0,7 /System/Library/PrivateFrameworks/SkyLight.framework/Resources/WindowServer
 42,4  1,9 /Applications/Visual Studio Code.app/Contents/Frameworks/Code Helper (Renderer).app/Contents/MacOS/Code Helper (Renderer)
 56,6  1,9 /Applications/Visual Studio Code.app/Contents/Frameworks/Code Helper (Renderer).app/Contents/MacOS/Code Helper (Renderer)
 64,1  1,9 /Applications/Visual Studio Code.app/Contents/Frameworks/Code Helper (Renderer).app/Contents/MacOS/Code Helper (Renderer)
 62,5  1,9 /Applications/Visual Studio Code.app/Contents/Frameworks/Code Helper (Renderer).app/Contents/MacOS/Code Helper (Renderer)
 62,5  1,9 /Applications/Visual Studio Code.app/Contents/Frameworks/Code Helper (Renderer).app/Contents/MacOS/Code Helper (Renderer)
 63,1  1,9 /Applications/Visual Studio Code.app/Contents/Frameworks/Code Helper (Renderer).app/Contents/MacOS/Code Helper (Renderer)
 59,0  1,9 /Applications/Visual Studio Code.app/Contents/Frameworks/Code Helper (Renderer).app/Contents/MacOS/Code Helper (Renderer)
 60,9  1,9 /Applications/Visual Studio Code.app/Contents/Frameworks/Code Helper (Renderer).app/Contents/MacOS/Code Helper (Renderer)
117,2  1,9 /Applications/Visual Studio Code.app/Contents/Frameworks/Code Helper (Renderer).app/Contents/MacOS/Code Helper (Renderer)
124,6  1,9 /Applications/Visual Studio Code.app/Contents/Frameworks/Code Helper (Renderer).app/Contents/MacOS/Code Helper (Renderer)
124,6  1,9 /Applications/Visual Studio Code.app/Contents/Frameworks/Code Helper (Renderer).app/Contents/MacOS/Code Helper (Renderer)
 97,3  1,9 /Applications/Visual Studio Code.app/Contents/Frameworks/Code Helper (Renderer).app/Contents/MacOS/Code Helper (Renderer)
 62,8  1,9 /Applications/Visual Studio Code.app/Contents/Frameworks/Code Helper (Renderer).app/Contents/MacOS/Code Helper (Renderer)
 41,2  1,9 /Applications/Visual Studio Code.app/Contents/Frameworks/Code Helper (Renderer).app/Contents/MacOS/Code Helper (Renderer)
 41,2  1,9 /Applications/Visual Studio Code.app/Contents/Frameworks/Code Helper (Renderer).app/Contents/MacOS/Code Helper (Renderer)
 27,6  1,9 /Applications/Visual Studio Code.app/Contents/Frameworks/Code Helper (Renderer).app/Contents/MacOS/Code Helper (Renderer)
 19,1  1,9 /Applications/Visual Studio Code.app/Contents/Frameworks/Code Helper (Renderer).app/Contents/MacOS/Code Helper (Renderer)
 22,8  0,0 (ps)
 29,6  0,0 (ps)
 10,5  1,9 /Applications/Visual Studio Code.app/Contents/Frameworks/Code Helper (Renderer).app/Contents/MacOS/Code Helper (Renderer)
  9,1  1,9 /Applications/Visual Studio Code.app/Contents/Frameworks/Code Helper (Renderer).app/Contents/MacOS/Code Helper (Renderer)
 26,3  0,1 /System/Library/Frameworks/CoreServices.framework/Frameworks/Metadata.framework/Versions/A/Support/mdworker_shared
 30,8  0,1 /System/Library/Frameworks/CoreServices.framework/Frameworks/Metadata.framework/Versions/A/Support/mdworker_shared
 28,4  0,0 (ps)
 33,8  0,7 /System/Library/Frameworks/CoreServices.framework/Frameworks/Metadata.framework/Versions/A/Support/mds_stores
 43,5  0,7 /System/Library/Frameworks/CoreServices.framework/Frameworks/Metadata.framework/Versions/A/Support/mds_stores
 27,2  0,7 /System/Library/Frameworks/CoreServices.framework/Frameworks/Metadata.framework/Versions/A/Support/mds_stores
 21,9  0,0 (ps)
 27,4  0,0 (ps)
 12,3  0,1 /usr/libexec/trustd
 10,5  0,1 /usr/libexec/trustd
 14,7  0,0 (ps)
 21,5  0,0 (ps)
 28,0  0,0 (ps)
 10,5  0,1 /usr/libexec/trustd
  9,5  0,1 /usr/libexec/trustd
 14,6  0,0 (ps)
 21,6  0,0 (ps)
 28,2  0,0 (ps)
 12,2  0,1 /usr/libexec/trustd
 14,0  0,4 opswat-gears-od
 14,9  0,0 (ps)
 21,6  0,0 (ps)
 28,0  0,0 (ps)
 10,6  0,1 /usr/libexec/trustd
  9,8  0,1 /usr/libexec/trustd
 14,6  0,0 (ps)
 21,3  0,0 (ps)
 27,9  0,0 (ps)
 28,9  0,1 /sbin/launchd
 28,9  0,1 /sbin/launchd
 18,1  0,1 /sbin/launchd
 20,7  0,0 (ps)
 26,9  0,0 (ps)
 16,9  0,7 /System/Library/PrivateFrameworks/SkyLight.framework/Resources/WindowServer
 16,5  0,7 /System/Library/PrivateFrameworks/SkyLight.framework/Resources/WindowServer
 25,0  0,7 /System/Library/PrivateFrameworks/SkyLight.framework/Resources/WindowServer
 34,9  0,7 /System/Library/PrivateFrameworks/SkyLight.framework/Resources/WindowServer
 40,3  0,0 (ps)
 33,4  0,7 /System/Library/PrivateFrameworks/SkyLight.framework/Resources/WindowServer
 33,4  0,7 /System/Library/PrivateFrameworks/SkyLight.framework/Resources/WindowServer
 26,6  0,7 /System/Library/PrivateFrameworks/SkyLight.framework/Resources/WindowServer
 21,8  0,7 /System/Library/PrivateFrameworks/SkyLight.framework/Resources/WindowServer
 34,2  0,7 /System/Library/PrivateFrameworks/SkyLight.framework/Resources/WindowServer
 36,2  0,7 /System/Library/PrivateFrameworks/SkyLight.framework/Resources/WindowServer
 38,7  0,7 /System/Library/PrivateFrameworks/SkyLight.framework/Resources/WindowServer
 38,7  0,7 /System/Library/PrivateFrameworks/SkyLight.framework/Resources/WindowServer
 35,3  0,0 (ps)
 42,4  0,0 (ps)
 26,0  0,7 /System/Library/PrivateFrameworks/SkyLight.framework/Resources/WindowServer
 22,5  0,7 /System/Library/PrivateFrameworks/SkyLight.framework/Resources/WindowServer
 27,5  0,7 /System/Library/PrivateFrameworks/SkyLight.framework/Resources/WindowServer
 22,0  0,7 /System/Library/PrivateFrameworks/SkyLight.framework/Resources/WindowServer
 41,0  0,7 /System/Library/PrivateFrameworks/SkyLight.framework/Resources/WindowServer
 40,6  0,7 /System/Library/PrivateFrameworks/SkyLight.framework/Resources/WindowServer
 40,6  0,7 /System/Library/PrivateFrameworks/SkyLight.framework/Resources/WindowServer
 38,0  0,7 /System/Library/PrivateFrameworks/SkyLight.framework/Resources/WindowServer
 34,4  0,7 /System/Library/PrivateFrameworks/SkyLight.framework/Resources/WindowServer
 34,9  0,7 /System/Library/PrivateFrameworks/SkyLight.framework/Resources/WindowServer
 55,3  0,7 /System/Library/PrivateFrameworks/SkyLight.framework/Resources/WindowServer
 40,2  0,7 /System/Library/PrivateFrameworks/SkyLight.framework/Resources/WindowServer
 40,2  0,7 /System/Library/PrivateFrameworks/SkyLight.framework/Resources/WindowServer
 35,7  0,0 (ps)
 25,3  0,0 (ps)
 22,3  0,7 /System/Library/PrivateFrameworks/SkyLight.framework/Resources/WindowServer
 19,6  0,7 /System/Library/PrivateFrameworks/SkyLight.framework/Resources/WindowServer
 15,4  0,7 /System/Library/PrivateFrameworks/SkyLight.framework/Resources/WindowServer
 18,7  0,0 (ps)
 25,4  0,0 (ps)
 16,5  0,7 /System/Library/PrivateFrameworks/SkyLight.framework/Resources/WindowServer
 39,6  0,7 /System/Library/PrivateFrameworks/SkyLight.framework/Resources/WindowServer
 39,6  0,7 /System/Library/PrivateFrameworks/SkyLight.framework/Resources/WindowServer
 40,4  0,7 /System/Library/PrivateFrameworks/SkyLight.framework/Resources/WindowServer
 42,4  0,0 (ps)
 37,0  0,7 /System/Library/PrivateFrameworks/SkyLight.framework/Resources/WindowServer
 34,4  0,7 /System/Library/PrivateFrameworks/SkyLight.framework/Resources/WindowServer
 34,4  0,7 /System/Library/PrivateFrameworks/SkyLight.framework/Resources/WindowServer
 35,1  0,0 (ps)
 41,4  0,0 (ps)
 28,3  0,7 /System/Library/PrivateFrameworks/SkyLight.framework/Resources/WindowServer
 34,6  0,7 /System/Library/PrivateFrameworks/SkyLight.framework/Resources/WindowServer
 38,6  0,7 /System/Library/PrivateFrameworks/SkyLight.framework/Resources/WindowServer
 77,6  2,6 /Applications/Microsoft Teams (work or school).app/Contents/Helpers/Microsoft Teams WebView.app/Contents/Frameworks/Microsoft Edge Framework.framework/Versions/119.0.2151.106/Helpers/Microsoft Teams WebView Helper (Renderer).app/Contents/MacOS/Microsoft Teams WebView Helper (Renderer)
 77,6  2,6 /Applications/Microsoft Teams (work or school).app/Contents/Helpers/Microsoft Teams WebView.app/Contents/Frameworks/Microsoft Edge Framework.framework/Versions/119.0.2151.106/Helpers/Microsoft Teams WebView Helper (Renderer).app/Contents/MacOS/Microsoft Teams WebView Helper (Renderer)
113,8  2,6 /Applications/Microsoft Teams (work or school).app/Contents/Helpers/Microsoft Teams WebView.app/Contents/Frameworks/Microsoft Edge Framework.framework/Versions/119.0.2151.106/Helpers/Microsoft Teams WebView Helper (Renderer).app/Contents/MacOS/Microsoft Teams WebView Helper (Renderer)
123,8  2,6 /Applications/Microsoft Teams (work or school).app/Contents/Helpers/Microsoft Teams WebView.app/Contents/Frameworks/Microsoft Edge Framework.framework/Versions/119.0.2151.106/Helpers/Microsoft Teams WebView Helper (Renderer).app/Contents/MacOS/Microsoft Teams WebView Helper (Renderer)
 95,7  2,6 /Applications/Microsoft Teams (work or school).app/Contents/Helpers/Microsoft Teams WebView.app/Contents/Frameworks/Microsoft Edge Framework.framework/Versions/119.0.2151.106/Helpers/Microsoft Teams WebView Helper (Renderer).app/Contents/MacOS/Microsoft Teams WebView Helper (Renderer)
 95,7  2,6 /Applications/Microsoft Teams (work or school).app/Contents/Helpers/Microsoft Teams WebView.app/Contents/Frameworks/Microsoft Edge Framework.framework/Versions/119.0.2151.106/Helpers/Microsoft Teams WebView Helper (Renderer).app/Contents/MacOS/Microsoft Teams WebView Helper (Renderer)
 60,7  2,6 /Applications/Microsoft Teams (work or school).app/Contents/Helpers/Microsoft Teams WebView.app/Contents/Frameworks/Microsoft Edge Framework.framework/Versions/119.0.2151.106/Helpers/Microsoft Teams WebView Helper (Renderer).app/Contents/MacOS/Microsoft Teams WebView Helper (Renderer)
 41,8  2,6 /Applications/Microsoft Teams (work or school).app/Contents/Helpers/Microsoft Teams WebView.app/Contents/Frameworks/Microsoft Edge Framework.framework/Versions/119.0.2151.106/Helpers/Microsoft Teams WebView Helper (Renderer).app/Contents/MacOS/Microsoft Teams WebView Helper (Renderer)
 30,1  0,9 /Applications/Google Chrome.app/Contents/Frameworks/Google Chrome Framework.framework/Versions/122.0.6261.94/Helpers/Google Chrome Helper (GPU).app/Contents/MacOS/Google Chrome Helper (GPU)
 47,0  0,9 /Applications/Google Chrome.app/Contents/Frameworks/Google Chrome Framework.framework/Versions/122.0.6261.94/Helpers/Google Chrome Helper (GPU).app/Contents/MacOS/Google Chrome Helper (GPU)
 47,0  0,9 /Applications/Google Chrome.app/Contents/Frameworks/Google Chrome Framework.framework/Versions/122.0.6261.94/Helpers/Google Chrome Helper (GPU).app/Contents/MacOS/Google Chrome Helper (GPU)
 29,3  0,9 /Applications/Google Chrome.app/Contents/Frameworks/Google Chrome Framework.framework/Versions/122.0.6261.94/Helpers/Google Chrome Helper (GPU).app/Contents/MacOS/Google Chrome Helper (GPU)
 28,5  0,0 (ps)
 11,4  0,9 /Applications/Google Chrome.app/Contents/Frameworks/Google Chrome Framework.framework/Versions/122.0.6261.94/Helpers/Google Chrome Helper (GPU).app/Contents/MacOS/Google Chrome Helper (GPU)
  9,7  0,1 /usr/libexec/trustd
 17,0  0,7 /System/Library/PrivateFrameworks/SkyLight.framework/Resources/WindowServer
 21,2  0,0 (ps)
 27,2  0,0 (ps)
 19,1  0,7 /System/Library/PrivateFrameworks/SkyLight.framework/Resources/WindowServer
 17,9  0,7 /System/Library/PrivateFrameworks/SkyLight.framework/Resources/WindowServer
 16,5  0,7 /System/Library/PrivateFrameworks/SkyLight.framework/Resources/WindowServer
 30,1  0,7 /System/Library/PrivateFrameworks/SkyLight.framework/Resources/WindowServer
 29,6  0,7 /System/Library/PrivateFrameworks/SkyLight.framework/Resources/WindowServer
 24,6  0,0 (ps)
 28,7  0,0 (ps)
 17,7  0,1 /System/Library/PrivateFrameworks/CoreDuetContext.framework/Resources/ContextStoreAgent
 20,6  0,0 (ps)
 26,8  0,0 (ps)
 11,3  0,1 /usr/libexec/trustd
  9,7  0,1 /usr/libexec/trustd
 13,3  0,0 (ps)
 20,2  0,0 (ps)
 27,0  0,0 (ps)
 10,2  0,1 /usr/libexec/trustd
